<?xml version="1.0" encoding="UTF-8"?>
<!-- Generated by org.testng.reporters.JUnitReportReporter -->
<testsuite skipped="0" hostname="DESKTOP-RGL60CC" name="practice.Demo" tests="1" failures="0" timestamp="2021-12-09T13:42:43 IST" time="0.014" errors="0">
  <testcase name="demoTest" time="0.014" classname="practice.Demo"/>
  <system-out/>
</testsuite> <!-- practice.Demo -->
